> Task :core:clean
> Task :core:preBuild UP-TO-DATE
> Task :core:preDebugBuild UP-TO-DATE
> Task :core:processDebugNavigationResources
> Task :core:generateDebugResources
> Task :wear:clean
> Task :wear:preBuild UP-TO-DATE
> Task :wear:preDebugBuild UP-TO-DATE
> Task :wear:mergeDebugNativeDebugMetadata NO-SOURCE
> Task :wear:generateDebugResources
> Task :wear:processDebugGoogleServices
> Task :app:clean
> Task :app:preBuild UP-TO-DATE
> Task :app:preDebugBuild UP-TO-DATE
> Task :app:mergeDebugNativeDebugMetadata NO-SOURCE
> Task :app:generateDebugResources
> Task :app:processDebugGoogleServices
> Task :core:packageDebugResources
> Task :wear:packageDebugResources
> Task :app:packageDebugResources
> Task :core:generateDebugAssets UP-TO-DATE
> Task :core:javaPreCompileDebug
> Task :core:mergeDebugAssets
> Task :core:extractDeepLinksDebug
> Task :core:writeDebugAarMetadata
> Task :core:parseDebugLocalResources
> Task :core:mergeDebugJniLibFolders
> Task :core:processDebugManifest
> Task :core:mergeDebugNativeLibs NO-SOURCE
> Task :core:copyDebugJniLibsProjectOnly
> Task :core:generateDebugRFile
> Task :core:compileDebugLibraryResources
> Task :core:stripDebugDebugSymbols NO-SOURCE
> Task :core:copyDebugJniLibsProjectAndLocalJars
> Task :core:extractDebugAnnotations
> Task :core:extractDeepLinksForAarDebug UP-TO-DATE
> Task :core:prepareDebugArtProfile UP-TO-DATE
> Task :core:prepareLintJarForPublish UP-TO-DATE
> Task :core:checkDebugAarMetadata
> Task :wear:processDebugNavigationResources
> Task :app:processDebugNavigationResources
> Task :app:generateDebugAssets UP-TO-DATE
> Task :wear:generateDebugAssets UP-TO-DATE
> Task :app:javaPreCompileDebug
> Task :wear:javaPreCompileDebug
> Task :wear:parseDebugLocalResources
> Task :app:mergeDebugAssets
> Task :app:parseDebugLocalResources
> Task :wear:mergeDebugAssets
> Task :app:compressDebugAssets
> Task :wear:compressDebugAssets
> Task :wear:generateDebugRFile
> Task :app:generateDebugRFile
> Task :app:desugarDebugFileDependencies
> Task :wear:desugarDebugFileDependencies
> Task :wear:compileDebugNavigationResources
> Task :app:compileDebugNavigationResources
> Task :wear:mapDebugSourceSetPaths
> Task :app:mapDebugSourceSetPaths
> Task :wear:checkDebugAarMetadata
> Task :app:checkDebugAarMetadata
> Task :wear:checkDebugDuplicateClasses
> Task :app:checkDebugDuplicateClasses
> Task :wear:createDebugCompatibleScreenManifests
> Task :wear:extractDeepLinksDebug
> Task :wear:mergeDebugResources
> Task :wear:processDebugMainManifest
> Task :wear:processDebugManifest
> Task :wear:mergeDebugJniLibFolders
> Task :wear:validateSigningDebug
> Task :wear:writeDebugAppMetadata
> Task :wear:writeDebugSigningConfigVersions
> Task :wear:processDebugManifestForPackage
> Task :wear:mergeDebugNativeLibs

> Task :wear:stripDebugDebugSymbols
Unable to strip the following libraries, packaging them as they are: libandroidx.graphics.path.so, libdatastore_shared_counter.so. Run with --info option to learn more.

> Task :core:compileDebugKotlin
w: file:///C:/Users/Aarsh/Source/vellam/core/src/main/java/com/hora/vellam/core/auth/AuthManager.kt:5:8 'class GoogleSignIn : Any' is deprecated. Deprecated in Java.
w: file:///C:/Users/Aarsh/Source/vellam/core/src/main/java/com/hora/vellam/core/auth/AuthManager.kt:6:8 'class GoogleSignInOptions : AbstractSafeParcelable, Api.ApiOptions.Optional, ReflectedParcelable' is deprecated. Deprecated in Java.

> Task :core:compileDebugJavaWithJavac NO-SOURCE
> Task :core:processDebugJavaRes
> Task :core:bundleLibCompileToJarDebug
> Task :core:mergeDebugGeneratedProguardFiles UP-TO-DATE
> Task :core:mergeDebugConsumerProguardFiles
> Task :core:bundleLibRuntimeToDirDebug
> Task :wear:processDebugResources
> Task :core:mergeDebugJavaResource
> Task :core:syncDebugLibJars
> Task :core:bundleDebugAar
> Task :core:assembleDebug
> Task :wear:mergeLibDexDebug
> Task :app:mergeDebugResources
> Task :app:createDebugCompatibleScreenManifests
> Task :app:extractDeepLinksDebug
> Task :app:mergeLibDexDebug
> Task :app:processDebugMainManifest
> Task :app:processDebugManifest
> Task :app:mergeDebugJniLibFolders
> Task :app:validateSigningDebug
> Task :app:writeDebugAppMetadata
> Task :app:mergeDebugNativeLibs
> Task :app:writeDebugSigningConfigVersions
> Task :app:processDebugManifestForPackage

> Task :app:stripDebugDebugSymbols
Unable to strip the following libraries, packaging them as they are: libandroidx.graphics.path.so, libdatastore_shared_counter.so. Run with --info option to learn more.

> Task :wear:mergeExtDexDebug

> Task :app:compileDebugKotlin FAILED
e: file:///C:/Users/Aarsh/Source/vellam/app/src/main/java/com/hora/vellam/MainActivity.kt:41:38 Unresolved reference 'ExpressiveSectionHeader'.
e: file:///C:/Users/Aarsh/Source/vellam/app/src/main/java/com/hora/vellam/MainActivity.kt:240:40 Unresolved reference 'collectIsPressedAsState'.
e: file:///C:/Users/Aarsh/Source/vellam/app/src/main/java/com/hora/vellam/MainActivity.kt:258:31 Unresolved reference 'CircleShape'.
e: file:///C:/Users/Aarsh/Source/vellam/app/src/main/java/com/hora/vellam/MainActivity.kt:279:35 Unresolved reference 'CircleShape'.
e: file:///C:/Users/Aarsh/Source/vellam/app/src/main/java/com/hora/vellam/MainActivity.kt:289:43 Unresolved reference 'sp'.
e: file:///C:/Users/Aarsh/Source/vellam/app/src/main/java/com/hora/vellam/MainActivity.kt:314:22 Unresolved reference 'androidx'.
e: file:///C:/Users/Aarsh/Source/vellam/app/src/main/java/com/hora/vellam/MainActivity.kt:315:25 Unresolved reference 'scaleX'.
e: file:///C:/Users/Aarsh/Source/vellam/app/src/main/java/com/hora/vellam/MainActivity.kt:316:25 Unresolved reference 'scaleY'.
e: file:///C:/Users/Aarsh/Source/vellam/app/src/main/java/com/hora/vellam/MainActivity.kt:525:25 Unresolved reference 'RoundedCornerShape'.

> Task :wear:compileDebugKotlin
w: file:///C:/Users/Aarsh/Source/vellam/wear/src/main/java/com/hora/vellam/wear/MainActivity.kt:24:8 'class GoogleSignIn : Any' is deprecated. Deprecated in Java.
w: file:///C:/Users/Aarsh/Source/vellam/wear/src/main/java/com/hora/vellam/wear/MainActivity.kt:25:8 'class GoogleSignInOptions : AbstractSafeParcelable, Api.ApiOptions.Optional, ReflectedParcelable' is deprecated. Deprecated in Java.
w: file:///C:/Users/Aarsh/Source/vellam/wear/src/main/java/com/hora/vellam/wear/MainActivity.kt:61:20 'class GoogleSignIn : Any' is deprecated. Deprecated in Java.
w: file:///C:/Users/Aarsh/Source/vellam/wear/src/main/java/com/hora/vellam/wear/MainActivity.kt:96:35 'class GoogleSignInOptions : AbstractSafeParcelable, Api.ApiOptions.Optional, ReflectedParcelable' is deprecated. Deprecated in Java.
w: file:///C:/Users/Aarsh/Source/vellam/wear/src/main/java/com/hora/vellam/wear/MainActivity.kt:96:63 'class GoogleSignInOptions : AbstractSafeParcelable, Api.ApiOptions.Optional, ReflectedParcelable' is deprecated. Deprecated in Java.
w: file:///C:/Users/Aarsh/Source/vellam/wear/src/main/java/com/hora/vellam/wear/MainActivity.kt:100:50 'class GoogleSignIn : Any' is deprecated. Deprecated in Java.

> Task :app:mergeExtDexDebug
> Task :app:processDebugResources

FAILURE: Build failed with an exception.

* What went wrong:
Execution failed for task ':app:compileDebugKotlin'.
> A failure occurred while executing org.jetbrains.kotlin.compilerRunner.GradleCompilerRunnerWithWorkers$GradleKotlinCompilerWorkAction
   > Compilation error. See log for more details

* Try:
> Run with --stacktrace option to get the stack trace.
> Run with --info or --debug option to get more log output.
> Run with --scan to generate a Build Scan (Powered by Develocity).
> Get more help at https://help.gradle.org.

BUILD FAILED in 1m 13s
91 actionable tasks: 87 executed, 4 up-to-date
