> Task :wear:preBuild UP-TO-DATE
> Task :core:preBuild UP-TO-DATE
> Task :wear:preDebugBuild UP-TO-DATE
> Task :core:preDebugBuild UP-TO-DATE
> Task :wear:generateDebugResources UP-TO-DATE
> Task :core:generateDebugResources UP-TO-DATE
> Task :wear:processDebugGoogleServices UP-TO-DATE
> Task :core:packageDebugResources UP-TO-DATE
> Task :wear:packageDebugResources UP-TO-DATE
> Task :core:processDebugNavigationResources UP-TO-DATE
> Task :core:parseDebugLocalResources UP-TO-DATE
> Task :core:generateDebugRFile UP-TO-DATE
> Task :core:compileDebugKotlin UP-TO-DATE
> Task :core:javaPreCompileDebug UP-TO-DATE
> Task :core:compileDebugJavaWithJavac NO-SOURCE
> Task :core:bundleLibCompileToJarDebug UP-TO-DATE
> Task :wear:processDebugNavigationResources UP-TO-DATE
> Task :wear:parseDebugLocalResources UP-TO-DATE
> Task :wear:generateDebugRFile UP-TO-DATE

> Task :wear:compileDebugKotlin FAILED
e: file:///C:/Users/Aarsh/Source/vellam/wear/src/main/java/com/hora/vellam/wear/MainActivity.kt:223:40 Unresolved reference 'model'.
e: file:///C:/Users/Aarsh/Source/vellam/wear/src/main/java/com/hora/vellam/wear/MainActivity.kt:248:58 Unresolved reference 'timestamp'.
e: file:///C:/Users/Aarsh/Source/vellam/wear/src/main/java/com/hora/vellam/wear/MainActivity.kt:248:82 Unresolved reference 'timestamp'.
e: file:///C:/Users/Aarsh/Source/vellam/wear/src/main/java/com/hora/vellam/wear/MainActivity.kt:255:47 Unresolved reference 'id'.
e: file:///C:/Users/Aarsh/Source/vellam/wear/src/main/java/com/hora/vellam/wear/MainActivity.kt:258:68 Unresolved reference 'surface'.
e: file:///C:/Users/Aarsh/Source/vellam/wear/src/main/java/com/hora/vellam/wear/MainActivity.kt:268:42 Unresolved reference 'amountMl'.
e: file:///C:/Users/Aarsh/Source/vellam/wear/src/main/java/com/hora/vellam/wear/MainActivity.kt:272:83 Unresolved reference 'Delete'.

FAILURE: Build failed with an exception.

* What went wrong:
Execution failed for task ':wear:compileDebugKotlin'.
> A failure occurred while executing org.jetbrains.kotlin.compilerRunner.GradleCompilerRunnerWithWorkers$GradleKotlinCompilerWorkAction
   > Compilation error. See log for more details

* Try:
> Run with --stacktrace option to get the stack trace.
> Run with --info or --debug option to get more log output.
> Run with --scan to generate a Build Scan (Powered by Develocity).
> Get more help at https://help.gradle.org.

BUILD FAILED in 4s
15 actionable tasks: 1 executed, 14 up-to-date
